<?xml version="1.0" encoding="UTF-8"?>
<testsuite name="ee.taltech.iti0202.bookscraper.scraper.ScraperTest" tests="7" skipped="0" failures="0" errors="0" timestamp="2025-05-22T07:50:55.360Z" hostname="ADRONIYKOLAIDER" time="3.403">
  <properties/>
  <testcase name="scraperGetsBookByUrlFromDataBase()" classname="ee.taltech.iti0202.bookscraper.scraper.ScraperTest" time="0.105"/>
  <testcase name="scraperGetsBooksPageSynchronized()" classname="ee.taltech.iti0202.bookscraper.scraper.ScraperTest" time="1.795"/>
  <testcase name="scraperGetsBookByUrlFromWeb()" classname="ee.taltech.iti0202.bookscraper.scraper.ScraperTest" time="0.497"/>
  <testcase name="scraperGetsAllBooks()" classname="ee.taltech.iti0202.bookscraper.scraper.ScraperTest" time="0.003"/>
  <testcase name="scraperGetsBooksPageParallel()" classname="ee.taltech.iti0202.bookscraper.scraper.ScraperTest" time="0.986"/>
  <testcase name="scraperGetsBooksByGenre()" classname="ee.taltech.iti0202.bookscraper.scraper.ScraperTest" time="0.005"/>
  <testcase name="scraperGetsBooksByAuthor()" classname="ee.taltech.iti0202.bookscraper.scraper.ScraperTest" time="0.004"/>
  <system-out><![CDATA[Book taken from database
Loading 1 page
Books processed: 1
Loading 1 page
]]></system-out>
  <system-err><![CDATA[Mockito is currently self-attaching to enable the inline-mock-maker. This will no longer work in future releases of the JDK. Please add Mockito as an agent to your build as described in Mockito's documentation: https://javadoc.io/doc/org.mockito/mockito-core/latest/org.mockito/org/mockito/Mockito.html#0.3
WARNING: A Java agent has been loaded dynamically (C:\Users\timol\.gradle\caches\modules-2\files-2.1\net.bytebuddy\byte-buddy-agent\1.15.11\a38b16385e867f59a641330f0362ebe742788ed8\byte-buddy-agent-1.15.11.jar)
WARNING: If a serviceability tool is in use, please run with -XX:+EnableDynamicAgentLoading to hide this warning
WARNING: If a serviceability tool is not in use, please run with -Djdk.instrument.traceUsage for more information
WARNING: Dynamic loading of agents will be disallowed by default in a future release
]]></system-err>
</testsuite>
